{
  "0 debug pnpm:scope": {
    "selected": 1
  },
  "1 error pnpm": {
    "code": "ELIFECYCLE",
    "errno": "ENOENT",
    "syscall": "spawn",
    "file": "sh",
    "pkgid": "vue3-vite-template@0.0.0",
    "stage": "dev",
    "script": "vite",
    "pkgname": "vue3-vite-template",
    "err": {
      "name": "pnpm",
      "message": "vue3-vite-template@0.0.0 dev: `vite`\nspawn ENOENT",
      "code": "ELIFECYCLE",
      "stack": "pnpm: vue3-vite-template@0.0.0 dev: `vite`\nspawn ENOENT\n    at ChildProcess.<anonymous> (/Users/soumns/.nvm/versions/node/v14.17.3/pnpm-global/5/node_modules/.pnpm/registry.npmmirror.com+pnpm@6.18.0/node_modules/pnpm/dist/pnpm.cjs:92818:22)\n    at ChildProcess.emit (events.js:375:28)\n    at maybeClose (internal/child_process.js:1055:16)\n    at Process.ChildProcess._handle.onexit (internal/child_process.js:288:5)"
    }
  },
  "2 warn pnpm:global": " Local package.json exists, but node_modules missing, did you mean to install?"
}